#
# A fatal error has been detected by the Java Runtime Environment:
#
#  Internal Error (vmThread.cpp:668), pid=69750, tid=16643
#  fatal error: Nested VM operation CollectForMetadataAllocation requested by operation ChangeBreakpoints
#
# JRE version: OpenJDK Runtime Environment AdoptOpenJDK (15.0.2+7) (build 15.0.2+7)
# Java VM: OpenJDK 64-Bit Server VM AdoptOpenJDK (15.0.2+7, mixed mode, sharing, tiered, compressed oops, g1 gc, bsd-amd64)
# No core dump will be written. Core dumps have been disabled. To enable core dumping, try "ulimit -c unlimited" before starting Java again
#
# If you would like to submit a bug report, please visit:
#   https://github.com/AdoptOpenJDK/openjdk-support/issues
#

---------------  S U M M A R Y ------------

Command Line: -agentlib:jdwp=transport=dt_socket,address=127.0.0.1:57892,suspend=y,server=n -XX:TieredStopAtLevel=1 -Xverify:none -Dspring.profiles.active=dev -Dspring.output.ansi.enabled=always -javaagent:/Users/cxrsed/Library/Caches/JetBrains/IntelliJIdea2020.3/groovyHotSwap/gragent.jar -javaagent:/Users/cxrsed/Library/Caches/JetBrains/IntelliJIdea2020.3/captureAgent/debugger-agent.jar -Dcom.sun.management.jmxremote -Dspring.jmx.enabled=true -Dspring.liveBeansView.mbeanDomain -Dspring.application.admin.enabled=true -Dfile.encoding=UTF-8 de.hhu.propra.nimasichi.praktikumsplaner.PraktikumsplanerApplication

Host: Macmini9,1 x86_64 2400 MHz, 8 cores, 16G, Darwin 20.3.0
Time: Tue Mar 16 11:24:43 2021 CET elapsed time: 3.859610 seconds (0d 0h 0m 3s)

---------------  T H R E A D  ---------------

Current thread (0x00007ff6b7616170):  VMThread "VM Thread" [stack: 0x000000030a538000,0x000000030a638000] [id=16643]

Stack: [0x000000030a538000,0x000000030a638000],  sp=0x000000030a6371f0,  free space=1020k
Native frames: (J=compiled Java code, A=aot compiled Java code, j=interpreted, Vv=VM code, C=native code)
V  [libjvm.dylib+0xa87b06]  _ZN7VMError14report_and_dieEiPKcS1_P13__va_list_tagP6ThreadPhPvS7_S1_im+0x696
V  [libjvm.dylib+0xa881d1]  _ZN7VMError14report_and_dieEP6ThreadPvPKciS4_S4_P13__va_list_tag+0x41
V  [libjvm.dylib+0x307496]  _Z12report_fatalPKciS0_z+0xb6
V  [libjvm.dylib+0xa92f08]  _ZN8VMThread7executeEP12VM_Operation+0x98
V  [libjvm.dylib+0x2c5123]  _ZN13CollectedHeap34satisfy_failed_metadata_allocationEP15ClassLoaderDatamN9Metaspace12MetadataTypeE+0x1a3
V  [libjvm.dylib+0x7d5f97]  _ZN9Metaspace8allocateEP15ClassLoaderDatamN12MetaspaceObj4TypeEP6Thread+0x117
V  [libjvm.dylib+0x7ea46a]  _ZN14MethodCounters8allocateERK12methodHandleP6Thread+0x3a
V  [libjvm.dylib+0x7e3b85]  _ZN6Method21build_method_countersEPS_P6Thread+0x105
V  [libjvm.dylib+0x7e76f7]  _ZN14BreakpointInfo3setEP6Method+0x57
V  [libjvm.dylib+0x696780]  _ZN15JvmtiBreakpoint3setEv+0x20
V  [libjvm.dylib+0xa88b56]  _ZN12VM_Operation8evaluateEv+0xd6
V  [libjvm.dylib+0xa92c51]  _ZN8VMThread18evaluate_operationEP12VM_Operation+0x131
V  [libjvm.dylib+0xa92830]  _ZN8VMThread4loopEv+0x4b0
V  [libjvm.dylib+0xa92253]  _ZN8VMThread3runEv+0x73
V  [libjvm.dylib+0xa1e221]  _ZN6Thread8call_runEv+0x71
V  [libjvm.dylib+0x8404a7]  _ZL19thread_native_entryP6Thread+0x197
C  [libsystem_pthread.dylib+0x6950]  _pthread_start+0xe0
C  [libsystem_pthread.dylib+0x247b]  thread_start+0xf

VM_Operation (0x000000030af5da58): ChangeBreakpoints, mode: safepoint, requested by thread 0x00007ff6b904ea00


---------------  P R O C E S S  ---------------

Threads class SMR info:
_java_thread_list=0x00007ff69062cf40, length=25, elements={
0x00007ff6b9008200, 0x00007ff6b780f400, 0x00007ff6b7808c00, 0x00007ff6b800f000,
0x00007ff6b8014800, 0x00007ff6b8014e00, 0x00007ff6b8015400, 0x00007ff6ba037a00,
0x00007ff6b904ea00, 0x00007ff6b8028a00, 0x00007ff6b8090e00, 0x00007ff6ba011600,
0x00007ff6ba038a00, 0x00007ff6b8217000, 0x00007ff6b9056600, 0x00007ff6b932be00,
0x00007ff6b9339800, 0x00007ff6b8246800, 0x00007ff6b94c6800, 0x00007ff6b8244800,
0x00007ff6ba1aac00, 0x00007ff6b8244e00, 0x00007ff6b7911a00, 0x00007ff6ba1bfa00,
0x00007ff6b793b600
}

Java Threads: ( => current thread )
  0x00007ff6b9008200 JavaThread "main" [_thread_blocked, id=8707, stack(0x0000000309f26000,0x000000030a026000)]
  0x00007ff6b780f400 JavaThread "Reference Handler" daemon [_thread_blocked, id=17923, stack(0x000000030a63b000,0x000000030a73b000)]
  0x00007ff6b7808c00 JavaThread "Finalizer" daemon [_thread_blocked, id=42755, stack(0x000000030a73e000,0x000000030a83e000)]
  0x00007ff6b800f000 JavaThread "Signal Dispatcher" daemon [_thread_blocked, id=40963, stack(0x000000030a94f000,0x000000030aa4f000)]
  0x00007ff6b8014800 JavaThread "Service Thread" daemon [_thread_blocked, id=40195, stack(0x000000030aa52000,0x000000030ab52000)]
  0x00007ff6b8014e00 JavaThread "C1 CompilerThread0" daemon [_thread_blocked, id=26115, stack(0x000000030ab55000,0x000000030ac55000)]
  0x00007ff6b8015400 JavaThread "Sweeper thread" daemon [_thread_blocked, id=26883, stack(0x000000030ac58000,0x000000030ad58000)]
  0x00007ff6ba037a00 JavaThread "Common-Cleaner" daemon [_thread_blocked, id=38915, stack(0x000000030ad5b000,0x000000030ae5b000)]
  0x00007ff6b904ea00 JavaThread "JDWP Transport Listener: dt_socket" daemon [_thread_blocked, id=28419, stack(0x000000030ae5e000,0x000000030af5e000)]
  0x00007ff6b8028a00 JavaThread "JDWP Event Helper Thread" daemon [_thread_blocked, id=28931, stack(0x000000030af61000,0x000000030b061000)]
  0x00007ff6b8090e00 JavaThread "JDWP Command Reader" daemon [_thread_in_native, id=29187, stack(0x000000030b064000,0x000000030b164000)]
  0x00007ff6ba011600 JavaThread "Notification Thread" daemon [_thread_blocked, id=35843, stack(0x000000030b167000,0x000000030b267000)]
  0x00007ff6ba038a00 JavaThread "RMI TCP Accept-0" daemon [_thread_in_native, id=31235, stack(0x000000030b26a000,0x000000030b36a000)]
  0x00007ff6b8217000 JavaThread "Thread-0" [_thread_blocked, id=44291, stack(0x000000030b97f000,0x000000030ba7f000)]
  0x00007ff6b9056600 JavaThread "restartedMain" [_thread_blocked, id=45059, stack(0x000000030ba82000,0x000000030bb82000)]
  0x00007ff6b932be00 JavaThread "Attach Listener" daemon [_thread_blocked, id=84483, stack(0x000000030bb85000,0x000000030bc85000)]
  0x00007ff6b9339800 JavaThread "RMI TCP Connection(1)-192.168.178.32" daemon [_thread_in_native, id=83459, stack(0x000000030bc88000,0x000000030bd88000)]
  0x00007ff6b8246800 JavaThread "RMI Scheduler(0)" daemon [_thread_blocked, id=46343, stack(0x000000030bd8b000,0x000000030be8b000)]
  0x00007ff6b94c6800 JavaThread "MVStore background writer nio:/Users/cxrsed/Desktop/ProPra II/anmeldung-zum-praktikum-nimasichi/praktikumsplaner/dev-db.mv.db" daemon [_thread_blocked, id=81927, stack(0x000000030bf91000,0x000000030c091000)]
  0x00007ff6b8244800 JavaThread "HikariPool-1 housekeeper" daemon [_thread_blocked, id=48387, stack(0x000000030c094000,0x000000030c194000)]
  0x00007ff6ba1aac00 JavaThread "Catalina-utility-1" [_thread_blocked, id=81207, stack(0x000000030c197000,0x000000030c297000)]
  0x00007ff6b8244e00 JavaThread "Catalina-utility-2" [_thread_blocked, id=80131, stack(0x000000030c29a000,0x000000030c39a000)]
  0x00007ff6b7911a00 JavaThread "container-0" [_thread_blocked, id=50435, stack(0x000000030c39d000,0x000000030c49d000)]
  0x00007ff6ba1bfa00 JavaThread "HikariPool-1 connection adder" daemon [_thread_blocked, id=50947, stack(0x000000030c4a0000,0x000000030c5a0000)]
  0x00007ff6b793b600 JavaThread "Live Reload Server" daemon [_thread_in_native, id=79343, stack(0x000000030c5a3000,0x000000030c6a3000)]

Other Threads:
=>0x00007ff6b7616170 VMThread "VM Thread" [stack: 0x000000030a538000,0x000000030a638000] [id=16643]
  0x00007ff6b7660070 WatcherThread [stack: 0x000000030b36d000,0x000000030b46d000] [id=35147]
  0x00007ff6b980eaf0 GCTaskThread "GC Thread#0" [stack: 0x000000030a029000,0x000000030a129000] [id=19971]
  0x00007ff6b767b990 GCTaskThread "GC Thread#1" [stack: 0x000000030b470000,0x000000030b570000] [id=34903]
  0x00007ff6b767c380 GCTaskThread "GC Thread#2" [stack: 0x000000030b573000,0x000000030b673000] [id=34563]
  0x00007ff6b767d3a0 GCTaskThread "GC Thread#3" [stack: 0x000000030b676000,0x000000030b776000] [id=34307]
  0x00007ff6b984fa80 GCTaskThread "GC Thread#4" [stack: 0x000000030b779000,0x000000030b879000] [id=32771]
  0x00007ff6b98508a0 GCTaskThread "GC Thread#5" [stack: 0x000000030b87c000,0x000000030b97c000] [id=33283]
  0x00007ff69067d5e0 GCTaskThread "GC Thread#6" [stack: 0x000000030c6a6000,0x000000030c7a6000] [id=78667]
  0x00007ff69067dc60 GCTaskThread "GC Thread#7" [stack: 0x000000030c7a9000,0x000000030c8a9000] [id=52239]
  0x00007ff6b760a320 ConcurrentGCThread "G1 Main Marker" [stack: 0x000000030a12c000,0x000000030a22c000] [id=19715]
  0x00007ff6b740ef00 ConcurrentGCThread "G1 Conc#0" [stack: 0x000000030a22f000,0x000000030a32f000] [id=18947]
  0x00007ff6901e9250 ConcurrentGCThread "G1 Conc#1" [stack: 0x000000030be8e000,0x000000030bf8e000] [id=82471]
  0x00007ff6b742b820 ConcurrentGCThread "G1 Refine#0" [stack: 0x000000030a332000,0x000000030a432000] [id=18435]
  0x00007ff6b742c8b0 ConcurrentGCThread "G1 Young RemSet Sampling" [stack: 0x000000030a435000,0x000000030a535000] [id=16387]

Threads with active compile tasks:

VM state: at safepoint (normal execution)

VM Mutex/Monitor currently owned by a thread:  ([mutex/lock_event])
[0x00007ff6b750f680] Threads_lock - owner thread: 0x00007ff6b7616170

Heap address: 0x0000000700000000, size: 4096 MB, Compressed Oops mode: Zero based, Oop shift amount: 3
CDS archive(s) mapped at: [0x0000000800000000-0x0000000800b2f000-0x0000000800b2f000), size 11726848, SharedBaseAddress: 0x0000000800000000, ArchiveRelocationMode: 0.
Compressed class space mapped at: 0x0000000800b30000-0x0000000840b30000, size: 1073741824
Narrow klass base: 0x0000000800000000, Narrow klass shift: 3, Narrow klass range: 0x100000000

GC Precious Log:
 CPUs: 8 total, 8 available
 Memory: 16384M
 Large Page Support: Disabled
 NUMA Support: Disabled
 Compressed Oops: Enabled (Zero based)
 Heap Region Size: 2M
 Heap Min Capacity: 8M
 Heap Initial Capacity: 256M
 Heap Max Capacity: 4G
 Pre-touch: Disabled
 Parallel Workers: 8
 Concurrent Workers: 2
 Concurrent Refinement Workers: 8
 Periodic GC: Disabled

Heap:
 garbage-first heap   total 161792K, used 25362K [0x0000000700000000, 0x0000000800000000)
  region size 2048K, 7 young (14336K), 5 survivors (10240K)
 Metaspace       used 35192K, capacity 35648K, committed 35964K, reserved 1081344K
  class space    used 4673K, capacity 4854K, committed 4864K, reserved 1048576K

Heap Regions: E=young(eden), S=young(survivor), O=old, HS=humongous(starts), HC=humongous(continues), CS=collection set, F=free, OA=open archive, CA=closed archive, TAMS=top-at-mark-start (previous, next)
|   0|0x0000000700000000, 0x0000000700200000, 0x0000000700200000|100%| O|  |TAMS 0x0000000700200000, 0x0000000700000000| Untracked 
|   1|0x0000000700200000, 0x0000000700400000, 0x0000000700400000|100%| O|  |TAMS 0x0000000700400000, 0x0000000700200000| Untracked 
|   2|0x0000000700400000, 0x0000000700567400, 0x0000000700600000| 70%| O|  |TAMS 0x0000000700567400, 0x0000000700400000| Untracked 
|   3|0x0000000700600000, 0x0000000700800000, 0x0000000700800000|100%| O|  |TAMS 0x0000000700600000, 0x0000000700600000| Untracked 
|   4|0x0000000700800000, 0x0000000700a00000, 0x0000000700a00000|100%| O|  |TAMS 0x0000000700800000, 0x0000000700800000| Untracked 
|   5|0x0000000700a00000, 0x0000000700aef200, 0x0000000700c00000| 46%| O|  |TAMS 0x0000000700a00000, 0x0000000700a00000| Untracked 
|   6|0x0000000700c00000, 0x0000000700e00000, 0x0000000700e00000|100%|HS|  |TAMS 0x0000000700c00000, 0x0000000700c00000| Complete 
|   7|0x0000000700e00000, 0x0000000700e00000, 0x0000000701000000|  0%| F|  |TAMS 0x0000000700e00000, 0x0000000700e00000| Untracked 
|   8|0x0000000701000000, 0x0000000701000000, 0x0000000701200000|  0%| F|  |TAMS 0x0000000701000000, 0x0000000701000000| Untracked 
|   9|0x0000000701200000, 0x0000000701200000, 0x0000000701400000|  0%| F|  |TAMS 0x0000000701200000, 0x0000000701200000| Untracked 
|  10|0x0000000701400000, 0x0000000701400000, 0x0000000701600000|  0%| F|  |TAMS 0x0000000701400000, 0x0000000701400000| Untracked 
|  11|0x0000000701600000, 0x0000000701600000, 0x0000000701800000|  0%| F|  |TAMS 0x0000000701600000, 0x0000000701600000| Untracked 
|  12|0x0000000701800000, 0x0000000701800000, 0x0000000701a00000|  0%| F|  |TAMS 0x0000000701800000, 0x0000000701800000| Untracked 
|  13|0x0000000701a00000, 0x0000000701a00000, 0x0000000701c00000|  0%| F|  |TAMS 0x0000000701a00000, 0x0000000701a00000| Untracked 
|  14|0x0000000701c00000, 0x0000000701c00000, 0x0000000701e00000|  0%| F|  |TAMS 0x0000000701c00000, 0x0000000701c00000| Untracked 
|  15|0x0000000701e00000, 0x0000000701e00000, 0x0000000702000000|  0%| F|  |TAMS 0x0000000701e00000, 0x0000000701e00000| Untracked 
|  16|0x0000000702000000, 0x0000000702000000, 0x0000000702200000|  0%| F|  |TAMS 0x0000000702000000, 0x0000000702000000| Untracked 
|  17|0x0000000702200000, 0x0000000702200000, 0x0000000702400000|  0%| F|  |TAMS 0x0000000702200000, 0x0000000702200000| Untracked 
|  18|0x0000000702400000, 0x0000000702400000, 0x0000000702600000|  0%| F|  |TAMS 0x0000000702400000, 0x0000000702400000| Untracked 
|  19|0x0000000702600000, 0x0000000702600000, 0x0000000702800000|  0%| F|  |TAMS 0x0000000702600000, 0x0000000702600000| Untracked 
|  20|0x0000000702800000, 0x0000000702800000, 0x0000000702a00000|  0%| F|  |TAMS 0x0000000702800000, 0x0000000702800000| Untracked 
|  21|0x0000000702a00000, 0x0000000702a00000, 0x0000000702c00000|  0%| F|  |TAMS 0x0000000702a00000, 0x0000000702a00000| Untracked 
|  22|0x0000000702c00000, 0x0000000702c00000, 0x0000000702e00000|  0%| F|  |TAMS 0x0000000702c00000, 0x0000000702c00000| Untracked 
|  23|0x0000000702e00000, 0x0000000702e00000, 0x0000000703000000|  0%| F|  |TAMS 0x0000000702e00000, 0x0000000702e00000| Untracked 
|  24|0x0000000703000000, 0x0000000703000000, 0x0000000703200000|  0%| F|  |TAMS 0x0000000703000000, 0x0000000703000000| Untracked 
|  25|0x0000000703200000, 0x0000000703200000, 0x0000000703400000|  0%| F|  |TAMS 0x0000000703200000, 0x0000000703200000| Untracked 
|  26|0x0000000703400000, 0x0000000703400000, 0x0000000703600000|  0%| F|  |TAMS 0x0000000703400000, 0x0000000703400000| Untracked 
|  27|0x0000000703600000, 0x00000007036a4350, 0x0000000703800000| 32%| S|CS|TAMS 0x0000000703600000, 0x0000000703600000| Complete 
|  28|0x0000000703800000, 0x0000000703a00000, 0x0000000703a00000|100%| S|CS|TAMS 0x0000000703800000, 0x0000000703800000| Complete 
|  29|0x0000000703a00000, 0x0000000703c00000, 0x0000000703c00000|100%| S|CS|TAMS 0x0000000703a00000, 0x0000000703a00000| Complete 
|  30|0x0000000703c00000, 0x0000000703e00000, 0x0000000703e00000|100%| S|CS|TAMS 0x0000000703c00000, 0x0000000703c00000| Complete 
|  31|0x0000000703e00000, 0x0000000704000000, 0x0000000704000000|100%| S|CS|TAMS 0x0000000703e00000, 0x0000000703e00000| Complete 
|  32|0x0000000704000000, 0x0000000704000000, 0x0000000704200000|  0%| F|  |TAMS 0x0000000704000000, 0x0000000704000000| Untracked 
|  33|0x0000000704200000, 0x0000000704200000, 0x0000000704400000|  0%| F|  |TAMS 0x0000000704200000, 0x0000000704200000| Untracked 
|  34|0x0000000704400000, 0x0000000704400000, 0x0000000704600000|  0%| F|  |TAMS 0x0000000704400000, 0x0000000704400000| Untracked 
|  35|0x0000000704600000, 0x0000000704600000, 0x0000000704800000|  0%| F|  |TAMS 0x0000000704600000, 0x0000000704600000| Untracked 
|  36|0x0000000704800000, 0x0000000704800000, 0x0000000704a00000|  0%| F|  |TAMS 0x0000000704800000, 0x0000000704800000| Untracked 
|  37|0x0000000704a00000, 0x0000000704a00000, 0x0000000704c00000|  0%| F|  |TAMS 0x0000000704a00000, 0x0000000704a00000| Untracked 
|  38|0x0000000704c00000, 0x0000000704c00000, 0x0000000704e00000|  0%| F|  |TAMS 0x0000000704c00000, 0x0000000704c00000| Untracked 
|  39|0x0000000704e00000, 0x0000000704e00000, 0x0000000705000000|  0%| F|  |TAMS 0x0000000704e00000, 0x0000000704e00000| Untracked 
|  40|0x0000000705000000, 0x0000000705000000, 0x0000000705200000|  0%| F|  |TAMS 0x0000000705000000, 0x0000000705000000| Untracked 
|  41|0x0000000705200000, 0x0000000705200000, 0x0000000705400000|  0%| F|  |TAMS 0x0000000705200000, 0x0000000705200000| Untracked 
|  42|0x0000000705400000, 0x0000000705400000, 0x0000000705600000|  0%| F|  |TAMS 0x0000000705400000, 0x0000000705400000| Untracked 
|  43|0x0000000705600000, 0x0000000705600000, 0x0000000705800000|  0%| F|  |TAMS 0x0000000705600000, 0x0000000705600000| Untracked 
|  44|0x0000000705800000, 0x0000000705800000, 0x0000000705a00000|  0%| F|  |TAMS 0x0000000705800000, 0x0000000705800000| Untracked 
|  45|0x0000000705a00000, 0x0000000705a00000, 0x0000000705c00000|  0%| F|  |TAMS 0x0000000705a00000, 0x0000000705a00000| Untracked 
|  46|0x0000000705c00000, 0x0000000705c00000, 0x0000000705e00000|  0%| F|  |TAMS 0x0000000705c00000, 0x0000000705c00000| Untracked 
|  47|0x0000000705e00000, 0x0000000705e00000, 0x0000000706000000|  0%| F|  |TAMS 0x0000000705e00000, 0x0000000705e00000| Untracked 
|  48|0x0000000706000000, 0x0000000706000000, 0x0000000706200000|  0%| F|  |TAMS 0x0000000706000000, 0x0000000706000000| Untracked 
|  49|0x0000000706200000, 0x0000000706200000, 0x0000000706400000|  0%| F|  |TAMS 0x0000000706200000, 0x0000000706200000| Untracked 
|  50|0x0000000706400000, 0x0000000706400000, 0x0000000706600000|  0%| F|  |TAMS 0x0000000706400000, 0x0000000706400000| Untracked 
|  51|0x0000000706600000, 0x0000000706600000, 0x0000000706800000|  0%| F|  |TAMS 0x0000000706600000, 0x0000000706600000| Untracked 
|  52|0x0000000706800000, 0x0000000706800000, 0x0000000706a00000|  0%| F|  |TAMS 0x0000000706800000, 0x0000000706800000| Untracked 
|  53|0x0000000706a00000, 0x0000000706a00000, 0x0000000706c00000|  0%| F|  |TAMS 0x0000000706a00000, 0x0000000706a00000| Untracked 
|  54|0x0000000706c00000, 0x0000000706c00000, 0x0000000706e00000|  0%| F|  |TAMS 0x0000000706c00000, 0x0000000706c00000| Untracked 
|  55|0x0000000706e00000, 0x0000000706e00000, 0x0000000707000000|  0%| F|  |TAMS 0x0000000706e00000, 0x0000000706e00000| Untracked 
|  56|0x0000000707000000, 0x0000000707000000, 0x0000000707200000|  0%| F|  |TAMS 0x0000000707000000, 0x0000000707000000| Untracked 
|  57|0x0000000707200000, 0x0000000707200000, 0x0000000707400000|  0%| F|  |TAMS 0x0000000707200000, 0x0000000707200000| Untracked 
|  58|0x0000000707400000, 0x0000000707400000, 0x0000000707600000|  0%| F|  |TAMS 0x0000000707400000, 0x0000000707400000| Untracked 
|  59|0x0000000707600000, 0x0000000707600000, 0x0000000707800000|  0%| F|  |TAMS 0x0000000707600000, 0x0000000707600000| Untracked 
|  60|0x0000000707800000, 0x0000000707800000, 0x0000000707a00000|  0%| F|  |TAMS 0x0000000707800000, 0x0000000707800000| Untracked 
|  61|0x0000000707a00000, 0x0000000707a00000, 0x0000000707c00000|  0%| F|  |TAMS 0x0000000707a00000, 0x0000000707a00000| Untracked 
|  62|0x0000000707c00000, 0x0000000707c00000, 0x0000000707e00000|  0%| F|  |TAMS 0x0000000707c00000, 0x0000000707c00000| Untracked 
|  63|0x0000000707e00000, 0x0000000707e00000, 0x0000000708000000|  0%| F|  |TAMS 0x0000000707e00000, 0x0000000707e00000| Untracked 
|  64|0x0000000708000000, 0x0000000708000000, 0x0000000708200000|  0%| F|  |TAMS 0x0000000708000000, 0x0000000708000000| Untracked 
|  65|0x0000000708200000, 0x0000000708200000, 0x0000000708400000|  0%| F|  |TAMS 0x0000000708200000, 0x0000000708200000| Untracked 
|  66|0x0000000708400000, 0x0000000708400000, 0x0000000708600000|  0%| F|  |TAMS 0x0000000708400000, 0x0000000708400000| Untracked 
|  67|0x0000000708600000, 0x0000000708600000, 0x0000000708800000|  0%| F|  |TAMS 0x0000000708600000, 0x0000000708600000| Untracked 
|  68|0x0000000708800000, 0x0000000708800000, 0x0000000708a00000|  0%| F|  |TAMS 0x0000000708800000, 0x0000000708800000| Untracked 
|  69|0x0000000708a00000, 0x0000000708a00000, 0x0000000708c00000|  0%| F|  |TAMS 0x0000000708a00000, 0x0000000708a00000| Untracked 
|  70|0x0000000708c00000, 0x0000000708c00000, 0x0000000708e00000|  0%| F|  |TAMS 0x0000000708c00000, 0x0000000708c00000| Untracked 
|  71|0x0000000708e00000, 0x0000000708e00000, 0x0000000709000000|  0%| F|  |TAMS 0x0000000708e00000, 0x0000000708e00000| Untracked 
|  72|0x0000000709000000, 0x0000000709000000, 0x0000000709200000|  0%| F|  |TAMS 0x0000000709000000, 0x0000000709000000| Untracked 
|  74|0x0000000709400000, 0x0000000709400000, 0x0000000709600000|  0%| F|  |TAMS 0x0000000709400000, 0x0000000709400000| Untracked 
|  75|0x0000000709600000, 0x0000000709600000, 0x0000000709800000|  0%| F|  |TAMS 0x0000000709600000, 0x0000000709600000| Untracked 
|  76|0x0000000709800000, 0x0000000709a00000, 0x0000000709a00000|100%| E|  |TAMS 0x0000000709800000, 0x0000000709800000| Complete 
| 127|0x000000070fe00000, 0x0000000710000000, 0x0000000710000000|100%| E|CS|TAMS 0x000000070fe00000, 0x000000070fe00000| Complete 
|1534|0x00000007bfc00000, 0x00000007bfd51000, 0x00000007bfe00000| 65%|OA|  |TAMS 0x00000007bfd51000, 0x00000007bfc00000| Untracked 
|1535|0x00000007bfe00000, 0x00000007bfe79000, 0x00000007c0000000| 23%|CA|  |TAMS 0x00000007bfe79000, 0x00000007bfe00000| Untracked 

Card table byte_map: [0x0000000129c7f000,0x000000012a47f000] _byte_map_base: 0x000000012647f000

Marking Bits (Prev, Next): (CMBitMap*) 0x00007ff6b900a050, (CMBitMap*) 0x00007ff6b900a010
 Prev Bits: [0x000000012ec7f000, 0x0000000132c7f000)
 Next Bits: [0x000000012ac7f000, 0x000000012ec7f000)

Polling page: 0x0000000102e73000

Metaspace:

Usage:
  Non-class:     30.07 MB capacity,    29.80 MB (>99%) used,   221.52 KB ( <1%) free+waste,    54.12 KB ( <1%) overhead. 
      Class:      4.74 MB capacity,     4.56 MB ( 96%) used,   157.53 KB (  3%) free+waste,    22.62 KB ( <1%) overhead. 
       Both:     34.81 MB capacity,    34.37 MB ( 99%) used,   379.05 KB (  1%) free+waste,    76.75 KB ( <1%) overhead. 

Virtual space:
  Non-class space:       32.00 MB reserved,      30.37 MB ( 95%) committed 
      Class space:        1.00 GB reserved,       4.75 MB ( <1%) committed 
             Both:        1.03 GB reserved,      35.12 MB (  3%) committed 

Chunk freelists:
   Non-Class:  258.00 KB
       Class:  10.00 KB
        Both:  268.00 KB

MaxMetaspaceSize: 17179869184.00 GB
CompressedClassSpaceSize: 1.00 GB

CodeHeap 'non-profiled nmethods': size=238384Kb used=7250Kb max_used=7250Kb free=231133Kb
 bounds [0x000000011abb3000, 0x000000011b2d3000, 0x000000012947f000]
CodeHeap 'non-nmethods': size=7376Kb used=1306Kb max_used=1306Kb free=6069Kb
 bounds [0x000000011a47f000, 0x000000011a6ef000, 0x000000011abb3000]
 total_blobs=4874 nmethods=4352 adapters=451
 compilation: enabled
              stopped_count=0, restarted_count=0
 full_count=0

Compilation events (20 events):
Event: 3.821 Thread 0x00007ff6b8014e00 4343       1       org.springframework.util.ConcurrentReferenceHashMap::calculateShift (26 bytes)
Event: 3.821 Thread 0x00007ff6b8014e00 nmethod 4343 0x000000011b2c4410 code [0x000000011b2c45a0, 0x000000011b2c4670]
Event: 3.822 Thread 0x00007ff6b8014e00 4347       1       java.util.Collections$2::characteristics (33 bytes)
Event: 3.822 Thread 0x00007ff6b8014e00 nmethod 4347 0x000000011b2c4710 code [0x000000011b2c48a0, 0x000000011b2c4990]
Event: 3.822 Thread 0x00007ff6b8014e00 4344       1       java.lang.Iterable::spliterator (11 bytes)
Event: 3.822 Thread 0x00007ff6b8014e00 nmethod 4344 0x000000011b2c4a10 code [0x000000011b2c4bc0, 0x000000011b2c4ef0]
Event: 3.822 Thread 0x00007ff6b8014e00 4345       1       java.util.Spliterators::spliteratorUnknownSize (16 bytes)
Event: 3.822 Thread 0x00007ff6b8014e00 nmethod 4345 0x000000011b2c5090 code [0x000000011b2c5240, 0x000000011b2c5540]
Event: 3.822 Thread 0x00007ff6b8014e00 4346       1       java.util.Spliterators$IteratorSpliterator::<init> (31 bytes)
Event: 3.822 Thread 0x00007ff6b8014e00 nmethod 4346 0x000000011b2c5690 code [0x000000011b2c5820, 0x000000011b2c5970]
Event: 3.822 Thread 0x00007ff6b8014e00 4348       1       org.springframework.data.util.Streamable::stream (11 bytes)
Event: 3.822 Thread 0x00007ff6b8014e00 nmethod 4348 0x000000011b2c5a10 code [0x000000011b2c5be0, 0x000000011b2c5e70]
Event: 3.824 Thread 0x00007ff6b8014e00 4349       1       java.util.stream.ForEachOps$ForEachOp::get (2 bytes)
Event: 3.824 Thread 0x00007ff6b8014e00 nmethod 4349 0x000000011b2c6010 code [0x000000011b2c61a0, 0x000000011b2c6250]
Event: 3.832 Thread 0x00007ff6b8014e00 4350       1       java.util.Arrays::sort (37 bytes)
Event: 3.832 Thread 0x00007ff6b8014e00 nmethod 4350 0x000000011b2c6310 code [0x000000011b2c64c0, 0x000000011b2c6610]
Event: 3.836 Thread 0x00007ff6b8014e00 4351       1       org.springframework.core.convert.support.GenericConversionService$Converters::find (119 bytes)
Event: 3.837 Thread 0x00007ff6b8014e00 nmethod 4351 0x000000011b2c6710 code [0x000000011b2c6960, 0x000000011b2c6fa0]
Event: 3.837 Thread 0x00007ff6b8014e00 4352   !   1       com.sun.proxy.$Proxy82::annotationType (29 bytes)
Event: 3.837 Thread 0x00007ff6b8014e00 nmethod 4352 0x000000011b2c7410 code [0x000000011b2c75c0, 0x000000011b2c77d0]

GC Heap History (12 events):
Event: 0.961 GC heap before
{Heap before GC invocations=0 (full 0):
 garbage-first heap   total 266240K, used 22312K [0x0000000700000000, 0x0000000800000000)
  region size 2048K, 11 young (22528K), 0 survivors (0K)
 Metaspace       used 5337K, capacity 5446K, committed 5632K, reserved 1056768K
  class space    used 631K, capacity 666K, committed 768K, reserved 1048576K
}
Event: 0.966 GC heap after
{Heap after GC invocations=1 (full 0):
 garbage-first heap   total 266240K, used 7314K [0x0000000700000000, 0x0000000800000000)
  region size 2048K, 2 young (4096K), 2 survivors (4096K)
 Metaspace       used 5337K, capacity 5446K, committed 5632K, reserved 1056768K
  class space    used 631K, capacity 666K, committed 768K, reserved 1048576K
}
Event: 1.242 GC heap before
{Heap before GC invocations=1 (full 0):
 garbage-first heap   total 266240K, used 35986K [0x0000000700000000, 0x0000000800000000)
  region size 2048K, 16 young (32768K), 2 survivors (4096K)
 Metaspace       used 8480K, capacity 8667K, committed 8832K, reserved 1056768K
  class space    used 1060K, capacity 1111K, committed 1152K, reserved 1048576K
}
Event: 1.247 GC heap after
{Heap after GC invocations=2 (full 0):
 garbage-first heap   total 266240K, used 8486K [0x0000000700000000, 0x0000000800000000)
  region size 2048K, 1 young (2048K), 1 survivors (2048K)
 Metaspace       used 8480K, capacity 8667K, committed 8832K, reserved 1056768K
  class space    used 1060K, capacity 1111K, committed 1152K, reserved 1048576K
}
Event: 2.131 GC heap before
{Heap before GC invocations=2 (full 0):
 garbage-first heap   total 266240K, used 108838K [0x0000000700000000, 0x0000000800000000)
  region size 2048K, 51 young (104448K), 1 survivors (2048K)
 Metaspace       used 20724K, capacity 21088K, committed 21296K, reserved 1067008K
  class space    used 2788K, capacity 2920K, committed 2944K, reserved 1048576K
}
Event: 2.138 GC heap after
{Heap after GC invocations=3 (full 0):
 garbage-first heap   total 266240K, used 13179K [0x0000000700000000, 0x0000000800000000)
  region size 2048K, 3 young (6144K), 3 survivors (6144K)
 Metaspace       used 20724K, capacity 21088K, committed 21296K, reserved 1067008K
  class space    used 2788K, capacity 2920K, committed 2944K, reserved 1048576K
}
Event: 2.587 GC heap before
{Heap before GC invocations=4 (full 0):
 garbage-first heap   total 61440K, used 43899K [0x0000000700000000, 0x0000000800000000)
  region size 2048K, 18 young (36864K), 3 survivors (6144K)
 Metaspace       used 23044K, capacity 23429K, committed 23676K, reserved 1069056K
  class space    used 3154K, capacity 3290K, committed 3328K, reserved 1048576K
}
Event: 2.594 GC heap after
{Heap after GC invocations=5 (full 0):
 garbage-first heap   total 61440K, used 14465K [0x0000000700000000, 0x0000000800000000)
  region size 2048K, 1 young (2048K), 1 survivors (2048K)
 Metaspace       used 23044K, capacity 23429K, committed 23676K, reserved 1069056K
  class space    used 3154K, capacity 3290K, committed 3328K, reserved 1048576K
}
Event: 2.967 GC heap before
{Heap before GC invocations=5 (full 0):
 garbage-first heap   total 61440K, used 39041K [0x0000000700000000, 0x0000000800000000)
  region size 2048K, 14 young (28672K), 1 survivors (2048K)
 Metaspace       used 26320K, capacity 26825K, committed 27388K, reserved 1073152K
  class space    used 3662K, capacity 3843K, committed 3968K, reserved 1048576K
}
Event: 2.971 GC heap after
{Heap after GC invocations=6 (full 0):
 garbage-first heap   total 161792K, used 16162K [0x0000000700000000, 0x0000000800000000)
  region size 2048K, 2 young (4096K), 2 survivors (4096K)
 Metaspace       used 26320K, capacity 26825K, committed 27388K, reserved 1073152K
  class space    used 3662K, capacity 3843K, committed 3968K, reserved 1048576K
}
Event: 3.781 GC heap before
{Heap before GC invocations=6 (full 0):
 garbage-first heap   total 161792K, used 110370K [0x0000000700000000, 0x0000000800000000)
  region size 2048K, 47 young (96256K), 2 survivors (4096K)
 Metaspace       used 35043K, capacity 35584K, committed 35964K, reserved 1081344K
  class space    used 4659K, capacity 4854K, committed 4864K, reserved 1048576K
}
Event: 3.788 GC heap after
{Heap after GC invocations=7 (full 0):
 garbage-first heap   total 161792K, used 23314K [0x0000000700000000, 0x0000000800000000)
  region size 2048K, 5 young (10240K), 5 survivors (10240K)
 Metaspace       used 35043K, capacity 35584K, committed 35964K, reserved 1081344K
  class space    used 4659K, capacity 4854K, committed 4864K, reserved 1048576K
}

Deoptimization events (20 events):
Event: 3.831 Thread 0x00007ff6b9056600 DEOPT PACKING pc=0x000000011af6081c sp=0x000000030bb7fa20
Event: 3.831 Thread 0x00007ff6b9056600 DEOPT UNPACKING pc=0x000000011a4ccc1c sp=0x000000030bb7f010 mode 1
Event: 3.832 Thread 0x00007ff6b9056600 DEOPT PACKING pc=0x000000011af6308c sp=0x000000030bb7f0b0
Event: 3.832 Thread 0x00007ff6b9056600 DEOPT UNPACKING pc=0x000000011a4ccc1c sp=0x000000030bb7e608 mode 1
Event: 3.832 Thread 0x00007ff6b9056600 DEOPT PACKING pc=0x000000011af6224c sp=0x000000030bb7f1a0
Event: 3.832 Thread 0x00007ff6b9056600 DEOPT UNPACKING pc=0x000000011a4ccc1c sp=0x000000030bb7e748 mode 1
Event: 3.832 Thread 0x00007ff6b9056600 DEOPT PACKING pc=0x000000011af6081c sp=0x000000030bb7f2e0
Event: 3.832 Thread 0x00007ff6b9056600 DEOPT UNPACKING pc=0x000000011a4ccc1c sp=0x000000030bb7e8d0 mode 1
Event: 3.837 Thread 0x00007ff6b9056600 DEOPT PACKING pc=0x000000011af6308c sp=0x000000030bb7f200
Event: 3.837 Thread 0x00007ff6b9056600 DEOPT UNPACKING pc=0x000000011a4ccc1c sp=0x000000030bb7e758 mode 1
Event: 3.837 Thread 0x00007ff6b9056600 DEOPT PACKING pc=0x000000011af6224c sp=0x000000030bb7f2f0
Event: 3.837 Thread 0x00007ff6b9056600 DEOPT UNPACKING pc=0x000000011a4ccc1c sp=0x000000030bb7e898 mode 1
Event: 3.837 Thread 0x00007ff6b9056600 DEOPT PACKING pc=0x000000011af6081c sp=0x000000030bb7f430
Event: 3.837 Thread 0x00007ff6b9056600 DEOPT UNPACKING pc=0x000000011a4ccc1c sp=0x000000030bb7ea20 mode 1
Event: 3.837 Thread 0x00007ff6b9056600 DEOPT PACKING pc=0x000000011af6308c sp=0x000000030bb7f7f0
Event: 3.837 Thread 0x00007ff6b9056600 DEOPT UNPACKING pc=0x000000011a4ccc1c sp=0x000000030bb7ed48 mode 1
Event: 3.837 Thread 0x00007ff6b9056600 DEOPT PACKING pc=0x000000011af6224c sp=0x000000030bb7f8e0
Event: 3.837 Thread 0x00007ff6b9056600 DEOPT UNPACKING pc=0x000000011a4ccc1c sp=0x000000030bb7ee88 mode 1
Event: 3.837 Thread 0x00007ff6b9056600 DEOPT PACKING pc=0x000000011af6081c sp=0x000000030bb7fa20
Event: 3.837 Thread 0x00007ff6b9056600 DEOPT UNPACKING pc=0x000000011a4ccc1c sp=0x000000030bb7f010 mode 1

Classes unloaded (0 events):
No events

Classes redefined (0 events):
No events

Internal exceptions (20 events):
Event: 3.648 Thread 0x00007ff6b9056600 Exception <a 'java/lang/IncompatibleClassChangeError'{0x0000000704d72ae8}: Found class java.lang.Object, but interface was expected> (0x0000000704d72ae8) 
thrown [./src/hotspot/share/interpreter/linkResolver.cpp, line 848]
Event: 3.666 Thread 0x00007ff6b9056600 Exception <a 'java/lang/ClassNotFoundException'{0x0000000704b68ad8}: java/lang/ObjectCustomizer> (0x0000000704b68ad8) 
thrown [./src/hotspot/share/classfile/systemDictionary.cpp, line 295]
Event: 3.666 Thread 0x00007ff6b9056600 Exception <a 'java/lang/ClassNotFoundException'{0x0000000704b72d68}: org/springframework/core/io/support/PropertiesLoaderSupportCustomizer> (0x0000000704b72d68) 
thrown [./src/hotspot/share/classfile/systemDictionary.cpp, line 295]
Event: 3.667 Thread 0x00007ff6b9056600 Exception <a 'java/lang/ClassNotFoundException'{0x0000000704b82278}: org/springframework/beans/factory/config/PropertiesFactoryBeanCustomizer> (0x0000000704b82278) 
thrown [./src/hotspot/share/classfile/systemDictionary.cpp, line 295]
Event: 3.668 Thread 0x00007ff6b9056600 Exception <a 'java/lang/ClassNotFoundException'{0x0000000704b99748}: org/springframework/beans/factory/FactoryBeanCustomizer> (0x0000000704b99748) 
thrown [./src/hotspot/share/classfile/systemDictionary.cpp, line 295]
Event: 3.669 Thread 0x00007ff6b9056600 Exception <a 'java/lang/ClassNotFoundException'{0x0000000704ba2d00}: org/springframework/beans/factory/InitializingBeanCustomizer> (0x0000000704ba2d00) 
thrown [./src/hotspot/share/classfile/systemDictionary.cpp, line 295]
Event: 3.702 Thread 0x00007ff6b9056600 Exception <a 'java/lang/ClassNotFoundException'{0x00000007047737b0}: java/lang/ObjectCustomizer> (0x00000007047737b0) 
thrown [./src/hotspot/share/classfile/systemDictionary.cpp, line 295]
Event: 3.703 Thread 0x00007ff6b9056600 Exception <a 'java/lang/ClassNotFoundException'{0x000000070477f168}: de/hhu/propra/nimasichi/praktikumsplaner/domain/zeitslot/ZeitslotCustomizer> (0x000000070477f168) 
thrown [./src/hotspot/share/classfile/systemDictionary.cpp, line 295]
Event: 3.716 Thread 0x00007ff6b9056600 Exception <a 'java/lang/ClassNotFoundException'{0x00000007044ef8a0}: java/lang/ObjectCustomizer> (0x00000007044ef8a0) 
thrown [./src/hotspot/share/classfile/systemDictionary.cpp, line 295]
Event: 3.717 Thread 0x00007ff6b9056600 Exception <a 'java/lang/ClassNotFoundException'{0x00000007044fb9f0}: de/hhu/propra/nimasichi/praktikumsplaner/domain/zeitslot/GruppeCustomizer> (0x00000007044fb9f0) 
thrown [./src/hotspot/share/classfile/systemDictionary.cpp, line 295]
Event: 3.724 Thread 0x00007ff6b9056600 Exception <a 'java/lang/ClassNotFoundException'{0x000000070453f080}: java/lang/ObjectCustomizer> (0x000000070453f080) 
thrown [./src/hotspot/share/classfile/systemDictionary.cpp, line 295]
Event: 3.725 Thread 0x00007ff6b9056600 Exception <a 'java/lang/ClassNotFoundException'{0x000000070454b1d0}: de/hhu/propra/nimasichi/praktikumsplaner/domain/zeitslot/StudentCustomizer> (0x000000070454b1d0) 
thrown [./src/hotspot/share/classfile/systemDictionary.cpp, line 295]
Event: 3.739 Thread 0x00007ff6b9056600 Exception <a 'java/lang/IncompatibleClassChangeError'{0x00000007042412c0}: Found class java.lang.Object, but interface was expected> (0x00000007042412c0) 
thrown [./src/hotspot/share/interpreter/linkResolver.cpp, line 848]
Event: 3.764 Thread 0x00007ff6b9056600 Exception <a 'java/lang/NoSuchMethodError'{0x00000007040ddfa0}: 'int java.lang.invoke.DirectMethodHandle$Holder.invokeStatic(java.lang.Object, java.lang.Object, int)'> (0x00000007040ddfa0) 
thrown [./src/hotspot/share/interpreter/linkResolver.cpp, line 782]
Event: 3.769 Thread 0x00007ff6b9056600 Exception <a 'java/lang/NoSuchMethodError'{0x00000007040ff618}: 'java.lang.Object java.lang.invoke.DirectMethodHandle$Holder.invokeStatic(java.lang.Object, java.lang.Object, int, java.lang.Object)'> (0x00000007040ff618) 
thrown [./src/hotspot/share/interpreter/linkResolver.cpp, line 782]
Event: 3.769 Thread 0x00007ff6b9056600 Exception <a 'java/lang/NoSuchMethodError'{0x00000007041076b0}: 'java.lang.Object java.lang.invoke.DirectMethodHandle$Holder.newInvokeSpecial(java.lang.Object, java.lang.Object, int)'> (0x00000007041076b0) 
thrown [./src/hotspot/share/interpreter/linkResolver.cpp, line 782]
Event: 3.808 Thread 0x00007ff6b9056600 Exception <a 'java/lang/ClassNotFoundException'{0x000000070ff6b3e0}: java/lang/ObjectCustomizer> (0x000000070ff6b3e0) 
thrown [./src/hotspot/share/classfile/systemDictionary.cpp, line 295]
Event: 3.810 Thread 0x00007ff6b9056600 Exception <a 'java/lang/ClassNotFoundException'{0x000000070ff77990}: de/hhu/propra/nimasichi/praktikumsplaner/domain/ubungswocheconfig/UbungswocheConfigCustomizer> (0x000000070ff77990) 
thrown [./src/hotspot/share/classfile/systemDictionary.cpp, line 295]
Event: 3.815 Thread 0x00007ff6b9056600 Exception <a 'java/lang/ClassNotFoundException'{0x000000070ffb27d0}: java/lang/ObjectCustomizer> (0x000000070ffb27d0) 
thrown [./src/hotspot/share/classfile/systemDictionary.cpp, line 295]
Event: 3.815 Thread 0x00007ff6b9056600 Exception <a 'java/lang/ClassNotFoundException'{0x000000070ffbf1a0}: de/hhu/propra/nimasichi/praktikumsplaner/domain/ubungswocheconfig/TutorTerminCustomizer> (0x000000070ffbf1a0) 
thrown [./src/hotspot/share/classfile/systemDictionary.cpp, line 295]

Events (20 events):
Event: 3.822 loading class org/springframework/data/projection/DefaultMethodInvokingMethodInterceptor$MethodHandleLookup$1 done
Event: 3.822 loading class org/springframework/data/projection/DefaultMethodInvokingMethodInterceptor$MethodHandleLookup$2
Event: 3.822 loading class org/springframework/data/projection/DefaultMethodInvokingMethodInterceptor$MethodHandleLookup$2 done
Event: 3.822 loading class org/springframework/data/projection/DefaultMethodInvokingMethodInterceptor$MethodHandleLookup$3
Event: 3.822 loading class org/springframework/data/projection/DefaultMethodInvokingMethodInterceptor$MethodHandleLookup$3 done
Event: 3.830 loading class org/kohsuke/github/GHOrganization
Event: 3.830 loading class org/kohsuke/github/GHOrganization done
Event: 3.831 loading class org/kohsuke/github/GHPerson
Event: 3.831 loading class org/kohsuke/github/GHPerson done
Event: 3.831 loading class org/kohsuke/github/GHObject
Event: 3.831 loading class org/kohsuke/github/GHObject done
Event: 3.831 loading class org/kohsuke/github/GitHubInteractiveObject
Event: 3.831 loading class org/kohsuke/github/GitHubInteractiveObject done
Event: 3.831 loading class org/kohsuke/github/GitHub
Event: 3.831 loading class org/kohsuke/github/GitHub done
Event: 3.836 loading class org/springframework/core/convert/support/StringToNumberConverterFactory$StringToNumber
Event: 3.836 loading class org/springframework/core/convert/support/StringToNumberConverterFactory$StringToNumber done
Event: 3.836 loading class jdk/internal/reflect/UnsafeLongFieldAccessorImpl
Event: 3.836 loading class jdk/internal/reflect/UnsafeLongFieldAccessorImpl done
Event: 3.859 Executing VM operation: ChangeBreakpoints


Dynamic libraries:
0x00007ffdffc40000 	/Library/Apple/usr/libexec/oah/runtime
0x00007fff2a5be000 	/usr/lib/libz.1.dylib
0x000000010b117000 	/Library/Java/JavaVirtualMachines/adoptopenjdk-15.jdk/Contents/Home/lib/libjli.dylib
0x00007fff35270000 	/System/Library/Frameworks/Cocoa.framework/Versions/A/Cocoa
0x00007fff22118000 	/System/Library/Frameworks/Security.framework/Versions/A/Security
0x00007fff3346d000 	/System/Library/Frameworks/ApplicationServices.framework/Versions/A/ApplicationServices
0x00007fff2a68a000 	/usr/lib/libSystem.B.dylib
0x00007fff2a684000 	/usr/lib/system/libcache.dylib
0x00007fff2a640000 	/usr/lib/system/libcommonCrypto.dylib
0x00007fff2a66a000 	/usr/lib/system/libcompiler_rt.dylib
0x00007fff2a65f000 	/usr/lib/system/libcopyfile.dylib
0x00007fff200b6000 	/usr/lib/system/libcorecrypto.dylib
0x00007fff20183000 	/usr/lib/system/libdispatch.dylib
0x00007fff20338000 	/usr/lib/system/libdyld.dylib
0x00007fff2a67b000 	/usr/lib/system/libkeymgr.dylib
0x00007fff2dc1f000 	/usr/lib/system/liblaunch.dylib
0x00007fff2a61e000 	/usr/lib/system/libmacho.dylib
0x00007fff29e33000 	/usr/lib/system/libquarantine.dylib
0x00007fff2a678000 	/usr/lib/system/libremovefile.dylib
0x00007fff24aaf000 	/usr/lib/system/libsystem_asl.dylib
0x00007fff20066000 	/usr/lib/system/libsystem_blocks.dylib
0x00007fff20205000 	/usr/lib/system/libsystem_c.dylib
0x00007fff2a672000 	/usr/lib/system/libsystem_collections.dylib
0x00007fff29220000 	/usr/lib/system/libsystem_configuration.dylib
0x00007fff2850f000 	/usr/lib/system/libsystem_containermanager.dylib
0x00007fff2a3b6000 	/usr/lib/system/libsystem_coreservices.dylib
0x00007fff226cc000 	/usr/lib/system/libsystem_darwin.dylib
0x00007fff2a67c000 	/usr/lib/system/libsystem_dnssd.dylib
0x00007fff20202000 	/usr/lib/system/libsystem_featureflags.dylib
0x00007fff2037d000 	/usr/lib/system/libsystem_info.dylib
0x00007fff2a5d1000 	/usr/lib/system/libsystem_m.dylib
0x00007fff20156000 	/usr/lib/system/libsystem_malloc.dylib
0x00007fff24a43000 	/usr/lib/system/libsystem_networkextension.dylib
0x00007fff22ae7000 	/usr/lib/system/libsystem_notify.dylib
0x00007fff300d3000 	/usr/lib/system/libsystem_product_info_filter.dylib
0x00007fff29224000 	/usr/lib/system/libsystem_sandbox.dylib
0x00007fff2a675000 	/usr/lib/system/libsystem_secinit.dylib
0x00007fff202fd000 	/usr/lib/system/libsystem_kernel.dylib
0x00007fff20373000 	/usr/lib/system/libsystem_platform.dylib
0x00007fff2032c000 	/usr/lib/system/libsystem_pthread.dylib
0x00007fff261dd000 	/usr/lib/system/libsystem_symptoms.dylib
0x00007fff2009e000 	/usr/lib/system/libsystem_trace.dylib
0x00007fff2a64c000 	/usr/lib/system/libunwind.dylib
0x00007fff20068000 	/usr/lib/system/libxpc.dylib
0x00007fff202e4000 	/usr/lib/libc++abi.dylib
0x00007fff201c8000 	/usr/lib/libobjc.A.dylib
0x00007fff2a657000 	/usr/lib/liboah.dylib
0x00007fff2028e000 	/usr/lib/libc++.1.dylib
0x00007fff203a9000 	/System/Library/Frameworks/CoreFoundation.framework/Versions/A/CoreFoundation
0x00007fff2108b000 	/System/Library/Frameworks/Foundation.framework/Versions/C/Foundation
0x00007fff22b3f000 	/System/Library/Frameworks/AppKit.framework/Versions/C/AppKit
0x00007fff259fd000 	/System/Library/Frameworks/CoreData.framework/Versions/A/CoreData
0x00007fff238a2000 	/System/Library/PrivateFrameworks/UIFoundation.framework/Versions/A/UIFoundation
0x00007fff2fe4c000 	/System/Library/PrivateFrameworks/RemoteViewServices.framework/Versions/A/RemoteViewServices
0x00007fff28bd9000 	/System/Library/PrivateFrameworks/XCTTargetBootstrap.framework/Versions/A/XCTTargetBootstrap
0x00007fff2b928000 	/usr/lib/libspindump.dylib
0x00007fff23af7000 	/System/Library/Frameworks/UniformTypeIdentifiers.framework/Versions/A/UniformTypeIdentifiers
0x00007fff273af000 	/usr/lib/libapp_launch_measurement.dylib
0x00007fff273b2000 	/System/Library/PrivateFrameworks/CoreAutoLayout.framework/Versions/A/CoreAutoLayout
0x00007fff2853b000 	/System/Library/Frameworks/Metal.framework/Versions/A/Metal
0x00007fff2922f000 	/usr/lib/liblangid.dylib
0x00007fff28bdd000 	/System/Library/PrivateFrameworks/CoreSVG.framework/Versions/A/CoreSVG
0x00007fff24ade000 	/System/Library/PrivateFrameworks/SkyLight.framework/Versions/A/SkyLight
0x00007fff24e45000 	/System/Library/Frameworks/CoreGraphics.framework/Versions/A/CoreGraphics
0x00007fff304a3000 	/System/Library/Frameworks/Accelerate.framework/Versions/A/Accelerate
0x00007fff2b363000 	/System/Library/PrivateFrameworks/IconServices.framework/Versions/A/IconServices
0x00007fff28520000 	/System/Library/Frameworks/IOSurface.framework/Versions/A/IOSurface
0x00007fff2638f000 	/usr/lib/libDiagnosticMessagesClient.dylib
0x00007fff28bc5000 	/System/Library/PrivateFrameworks/DFRFoundation.framework/Versions/A/DFRFoundation
0x00007fff2246a000 	/usr/lib/libicucore.A.dylib
0x00007fff2ce6d000 	/System/Library/Frameworks/AudioToolbox.framework/Versions/A/AudioToolbox
0x00007fff2c112000 	/System/Library/PrivateFrameworks/DataDetectorsCore.framework/Versions/A/DataDetectorsCore
0x00007fff288c5000 	/System/Library/Frameworks/Carbon.framework/Versions/A/Frameworks/HIToolbox.framework/Versions/A/HIToolbox
0x00007fff26e0a000 	/System/Library/Frameworks/QuartzCore.framework/Versions/A/QuartzCore
0x00007fff2fe88000 	/System/Library/Frameworks/Carbon.framework/Versions/A/Frameworks/SpeechRecognition.framework/Versions/A/SpeechRecognition
0x00007fff27117000 	/System/Library/PrivateFrameworks/CoreUI.framework/Versions/A/CoreUI
0x00007fff21a73000 	/System/Library/Frameworks/CoreAudio.framework/Versions/A/CoreAudio
0x00007fff2647a000 	/System/Library/Frameworks/DiskArbitration.framework/Versions/A/DiskArbitration
0x00007fff2bd22000 	/System/Library/PrivateFrameworks/MultitouchSupport.framework/Versions/A/MultitouchSupport
0x00007fff2c109000 	/System/Library/PrivateFrameworks/InternationalSupport.framework/Versions/A/InternationalSupport
0x00007fff24a52000 	/usr/lib/libenergytrace.dylib
0x00007fff22a38000 	/System/Library/Frameworks/IOKit.framework/Versions/A/IOKit
0x00007fff301d5000 	/System/Library/Frameworks/CoreServices.framework/Versions/A/CoreServices
0x00007fff27345000 	/System/Library/PrivateFrameworks/PerformanceAnalysis.framework/Versions/A/PerformanceAnalysis
0x00007fff6cb4b000 	/System/Library/Frameworks/OpenGL.framework/Versions/A/OpenGL
0x00007fff2c18e000 	/System/Library/PrivateFrameworks/UserActivity.framework/Versions/A/UserActivity
0x00007fff254ff000 	/System/Library/Frameworks/ColorSync.framework/Versions/A/ColorSync
0x00007fff28e46000 	/System/Library/Frameworks/CoreImage.framework/Versions/A/CoreImage
0x00007fff2188a000 	/System/Library/Frameworks/CoreText.framework/Versions/A/CoreText
0x00007fff28c07000 	/System/Library/Frameworks/ImageIO.framework/Versions/A/ImageIO
0x00007fff2a690000 	/System/Library/PrivateFrameworks/SoftLinking.framework/Versions/A/SoftLinking
0x00007fff273fb000 	/usr/lib/libxml2.2.dylib
0x00007fff2a902000 	/usr/lib/libcompression.dylib
0x00007fff24a53000 	/usr/lib/libMobileGestalt.dylib
0x00007fff2c03c000 	/System/Library/PrivateFrameworks/TextureIO.framework/Versions/A/TextureIO
0x00007fff2aff0000 	/usr/lib/libate.dylib
0x00007fff2ad1b000 	/usr/lib/liblzma.5.dylib
0x00007fff20d9f000 	/System/Library/Frameworks/SystemConfiguration.framework/Versions/A/SystemConfiguration
0x00007fff2a68c000 	/usr/lib/libfakelink.dylib
0x00007fff245a5000 	/System/Library/Frameworks/CFNetwork.framework/Versions/A/CFNetwork
0x00007fff2a7cc000 	/usr/lib/libarchive.2.dylib
0x00007fff20e1d000 	/usr/lib/libCRFSuite.dylib
0x00007fff29e5a000 	/usr/lib/libbsm.0.dylib
0x00007fff23f61000 	/usr/lib/libnetwork.dylib
0x00007fff2a691000 	/usr/lib/libpcap.A.dylib
0x00007fff261d6000 	/usr/lib/libdns_services.dylib
0x00007fff2ad34000 	/usr/lib/libcoretls_cfhelpers.dylib
0x00007fff2a8d0000 	/usr/lib/libapple_nghttp2.dylib
0x00007fff2a624000 	/usr/lib/system/libkxld.dylib
0x00007fff25e44000 	/usr/lib/libsqlite3.dylib
0x00007fff2a398000 	/System/Library/PrivateFrameworks/AppleFSCompression.framework/Versions/A/AppleFSCompression
0x00007fff29e42000 	/usr/lib/libcoretls.dylib
0x00007fff2a8fd000 	/usr/lib/libpam.2.dylib
0x00007fff2ae31000 	/usr/lib/libxar.1.dylib
0x00007fff2922b000 	/System/Library/PrivateFrameworks/AppleSystemInfo.framework/Versions/A/AppleSystemInfo
0x00007fff29a85000 	/System/Library/PrivateFrameworks/IOMobileFramebuffer.framework/Versions/A/IOMobileFramebuffer
0x00007fff2a3a8000 	/usr/lib/libbz2.1.0.dylib
0x00007fff2a6c9000 	/usr/lib/libiconv.2.dylib
0x00007fff2a61d000 	/usr/lib/libcharset.1.dylib
0x00007fff27381000 	/System/Library/Frameworks/CoreServices.framework/Versions/A/Frameworks/FSEvents.framework/Versions/A/FSEvents
0x00007fff226d6000 	/System/Library/Frameworks/CoreServices.framework/Versions/A/Frameworks/CarbonCore.framework/Versions/A/CarbonCore
0x00007fff263df000 	/System/Library/Frameworks/CoreServices.framework/Versions/A/Frameworks/Metadata.framework/Versions/A/Metadata
0x00007fff2a3bb000 	/System/Library/Frameworks/CoreServices.framework/Versions/A/Frameworks/OSServices.framework/Versions/A/OSServices
0x00007fff2a83e000 	/System/Library/Frameworks/CoreServices.framework/Versions/A/Frameworks/SearchKit.framework/Versions/A/SearchKit
0x00007fff26160000 	/System/Library/Frameworks/CoreServices.framework/Versions/A/Frameworks/AE.framework/Versions/A/AE
0x00007fff20845000 	/System/Library/Frameworks/CoreServices.framework/Versions/A/Frameworks/LaunchServices.framework/Versions/A/LaunchServices
0x00007fff2accc000 	/System/Library/Frameworks/CoreServices.framework/Versions/A/Frameworks/DictionaryServices.framework/Versions/A/DictionaryServices
0x00007fff2738a000 	/System/Library/Frameworks/CoreServices.framework/Versions/A/Frameworks/SharedFileList.framework/Versions/A/SharedFileList
0x00007fff29e36000 	/usr/lib/libCheckFix.dylib
0x00007fff24ac6000 	/System/Library/PrivateFrameworks/TCC.framework/Versions/A/TCC
0x00007fff29231000 	/System/Library/PrivateFrameworks/CoreNLP.framework/Versions/A/CoreNLP
0x00007fff26392000 	/System/Library/PrivateFrameworks/MetadataUtilities.framework/Versions/A/MetadataUtilities
0x00007fff20e53000 	/usr/lib/libmecabra.dylib
0x00007fff2a14a000 	/System/Library/Frameworks/MLCompute.framework/Versions/A/MLCompute
0x00007fff29e6b000 	/usr/lib/libmecab.dylib
0x00007fff29eb5000 	/usr/lib/libgermantok.dylib
0x00007fff2a8a6000 	/usr/lib/libThaiTokenizer.dylib
0x00007fff2ae6c000 	/usr/lib/libChineseTokenizer.dylib
0x00007fff2a8fb000 	/System/Library/Frameworks/MetalPerformanceShaders.framework/Versions/A/MetalPerformanceShaders
0x00007fff26481000 	/System/Library/Frameworks/Accelerate.framework/Versions/A/Frameworks/vImage.framework/Versions/A/vImage
0x00007fff301ae000 	/System/Library/Frameworks/Accelerate.framework/Versions/A/Frameworks/vecLib.framework/Versions/A/vecLib
0x00007fff2ae77000 	/System/Library/Frameworks/Accelerate.framework/Versions/A/Frameworks/vecLib.framework/Versions/A/libvMisc.dylib
0x00007fff298e1000 	/System/Library/Frameworks/Accelerate.framework/Versions/A/Frameworks/vecLib.framework/Versions/A/libvDSP.dylib
0x00007fff20b49000 	/System/Library/Frameworks/Accelerate.framework/Versions/A/Frameworks/vecLib.framework/Versions/A/libBLAS.dylib
0x00007fff2a921000 	/System/Library/Frameworks/Accelerate.framework/Versions/A/Frameworks/vecLib.framework/Versions/A/libLAPACK.dylib
0x00007fff29ebb000 	/System/Library/Frameworks/Accelerate.framework/Versions/A/Frameworks/vecLib.framework/Versions/A/libLinearAlgebra.dylib
0x00007fff2a8e8000 	/System/Library/Frameworks/Accelerate.framework/Versions/A/Frameworks/vecLib.framework/Versions/A/libSparseBLAS.dylib
0x00007fff2a91b000 	/System/Library/Frameworks/Accelerate.framework/Versions/A/Frameworks/vecLib.framework/Versions/A/libQuadrature.dylib
0x00007fff292d9000 	/System/Library/Frameworks/Accelerate.framework/Versions/A/Frameworks/vecLib.framework/Versions/A/libBNNS.dylib
0x00007fff20d30000 	/System/Library/Frameworks/Accelerate.framework/Versions/A/Frameworks/vecLib.framework/Versions/A/libSparse.dylib
0x00007fff291c4000 	/System/Library/Frameworks/MetalPerformanceShaders.framework/Versions/A/Frameworks/MPSCore.framework/Versions/A/MPSCore
0x00007fff2a307000 	/System/Library/Frameworks/MetalPerformanceShaders.framework/Versions/A/Frameworks/MPSImage.framework/Versions/A/MPSImage
0x00007fff29ed2000 	/System/Library/Frameworks/MetalPerformanceShaders.framework/Versions/A/Frameworks/MPSNeuralNetwork.framework/Versions/A/MPSNeuralNetwork
0x00007fff2a292000 	/System/Library/Frameworks/MetalPerformanceShaders.framework/Versions/A/Frameworks/MPSMatrix.framework/Versions/A/MPSMatrix
0x00007fff2a0fa000 	/System/Library/Frameworks/MetalPerformanceShaders.framework/Versions/A/Frameworks/MPSRayIntersector.framework/Versions/A/MPSRayIntersector
0x00007fff2a2c9000 	/System/Library/Frameworks/MetalPerformanceShaders.framework/Versions/A/Frameworks/MPSNDArray.framework/Versions/A/MPSNDArray
0x00007fff20a75000 	/System/Library/PrivateFrameworks/MetalTools.framework/Versions/A/MetalTools
0x00007fff29229000 	/System/Library/PrivateFrameworks/AggregateDictionary.framework/Versions/A/AggregateDictionary
0x00007fff2636a000 	/System/Library/PrivateFrameworks/CoreAnalytics.framework/Versions/A/CoreAnalytics
0x00007fff2a8a8000 	/System/Library/PrivateFrameworks/AppleSauce.framework/Versions/A/AppleSauce
0x00007fff28532000 	/System/Library/PrivateFrameworks/IOAccelerator.framework/Versions/A/IOAccelerator
0x00007fff6cb3f000 	/System/Library/Frameworks/OpenGL.framework/Versions/A/Libraries/libCoreFSCache.dylib
0x00007fff213ef000 	/System/Library/PrivateFrameworks/LanguageModeling.framework/Versions/A/LanguageModeling
0x00007fff29a72000 	/System/Library/PrivateFrameworks/CoreEmoji.framework/Versions/A/CoreEmoji
0x00007fff292d2000 	/System/Library/PrivateFrameworks/LinguisticData.framework/Versions/A/LinguisticData
0x00007fff20ce2000 	/System/Library/PrivateFrameworks/Lexicon.framework/Versions/A/Lexicon
0x00007fff2a7ba000 	/usr/lib/libcmph.dylib
0x00007fff27361000 	/System/Library/Frameworks/OpenDirectory.framework/Versions/A/Frameworks/CFOpenDirectory.framework/Versions/A/CFOpenDirectory
0x00007fff27351000 	/System/Library/Frameworks/OpenDirectory.framework/Versions/A/OpenDirectory
0x00007fff2ad36000 	/System/Library/PrivateFrameworks/APFS.framework/Versions/A/APFS
0x00007fff29d97000 	/System/Library/Frameworks/SecurityFoundation.framework/Versions/A/SecurityFoundation
0x00007fff2ae3f000 	/usr/lib/libutil.dylib
0x00007fff229fd000 	/System/Library/PrivateFrameworks/CoreServicesStore.framework/Versions/A/CoreServicesStore
0x00007fff29e2e000 	/System/Library/Frameworks/ServiceManagement.framework/Versions/A/ServiceManagement
0x00007fff2ae43000 	/usr/lib/libxslt.1.dylib
0x00007fff29e24000 	/System/Library/PrivateFrameworks/BackgroundTaskManagement.framework/Versions/A/BackgroundTaskManagement
0x00007fff2bf87000 	/System/Library/Frameworks/ImageIO.framework/Versions/A/Resources/libRadiance.dylib
0x00007fff2bf90000 	/System/Library/Frameworks/ImageIO.framework/Versions/A/Resources/libJPEG.dylib
0x00007fff2bedc000 	/System/Library/Frameworks/ImageIO.framework/Versions/A/Resources/libPng.dylib
0x00007fff2bf03000 	/System/Library/Frameworks/ImageIO.framework/Versions/A/Resources/libTIFF.dylib
0x00007fff2bfe5000 	/System/Library/Frameworks/ImageIO.framework/Versions/A/Resources/libGIF.dylib
0x00007fff2bc40000 	/System/Library/Frameworks/ImageIO.framework/Versions/A/Resources/libJP2.dylib
0x00007fff2b32a000 	/usr/lib/libexpat.1.dylib
0x00007fff2bbf5000 	/System/Library/PrivateFrameworks/AppleJPEG.framework/Versions/A/AppleJPEG
0x00007fff28768000 	/System/Library/PrivateFrameworks/FontServices.framework/libFontParser.dylib
0x00007fff26114000 	/System/Library/PrivateFrameworks/RunningBoardServices.framework/Versions/A/RunningBoardServices
0x00007fff2bd1e000 	/System/Library/PrivateFrameworks/WatchdogClient.framework/Versions/A/WatchdogClient
0x00007fff214dc000 	/System/Library/Frameworks/CoreDisplay.framework/Versions/A/CoreDisplay
0x00007fff2867e000 	/System/Library/Frameworks/CoreMedia.framework/Versions/A/CoreMedia
0x00007fff274de000 	/System/Library/Frameworks/CoreVideo.framework/Versions/A/CoreVideo
0x00007fff2bd56000 	/System/Library/Frameworks/VideoToolbox.framework/Versions/A/VideoToolbox
0x00007fff26092000 	/System/Library/PrivateFrameworks/BaseBoard.framework/Versions/A/BaseBoard
0x00007fff2b46f000 	/System/Library/PrivateFrameworks/PersistentConnection.framework/Versions/A/PersistentConnection
0x00007fff25e2d000 	/System/Library/PrivateFrameworks/ProtocolBuffer.framework/Versions/A/ProtocolBuffer
0x00007fff26079000 	/System/Library/PrivateFrameworks/CommonUtilities.framework/Versions/A/CommonUtilities
0x00007fff2bb8a000 	/System/Library/PrivateFrameworks/Bom.framework/Versions/A/Bom
0x00007fff2bf80000 	/System/Library/PrivateFrameworks/GPUWrangler.framework/Versions/A/GPUWrangler
0x00007fff2bf63000 	/System/Library/PrivateFrameworks/IOPresentment.framework/Versions/A/IOPresentment
0x00007fff2bf8a000 	/System/Library/PrivateFrameworks/DSExternalDisplay.framework/Versions/A/DSExternalDisplay
0x00007fff2bfea000 	/System/Library/PrivateFrameworks/CMCaptureCore.framework/Versions/A/CMCaptureCore
0x00007fff2b90f000 	/System/Library/PrivateFrameworks/AppServerSupport.framework/Versions/A/AppServerSupport
0x00007fff2d9be000 	/System/Library/PrivateFrameworks/perfdata.framework/Versions/A/perfdata
0x00007fff29d86000 	/System/Library/PrivateFrameworks/AssertionServices.framework/Versions/A/AssertionServices
0x00007fff21613000 	/System/Library/PrivateFrameworks/AudioToolboxCore.framework/Versions/A/AudioToolboxCore
0x00007fff28661000 	/System/Library/PrivateFrameworks/caulk.framework/Versions/A/caulk
0x00007fff3d669000 	/System/Library/PrivateFrameworks/SystemPolicy.framework/Versions/A/SystemPolicy
0x00007fff2b11f000 	/usr/lib/libIOReport.dylib
0x00007fff2d1e0000 	/usr/lib/libSMC.dylib
0x00007fff2bea9000 	/usr/lib/libAudioToolboxUtility.dylib
0x00007fff3dfd3000 	/usr/lib/libmis.dylib
0x00007fff6cb9b000 	/System/Library/Frameworks/OpenGL.framework/Versions/A/Libraries/libGLU.dylib
0x00007fff6cb5e000 	/System/Library/Frameworks/OpenGL.framework/Versions/A/Libraries/libGFXShared.dylib
0x00007fff6cd6d000 	/System/Library/Frameworks/OpenGL.framework/Versions/A/Libraries/libGL.dylib
0x00007fff6cb67000 	/System/Library/Frameworks/OpenGL.framework/Versions/A/Libraries/libGLImage.dylib
0x00007fff6cb5b000 	/System/Library/Frameworks/OpenGL.framework/Versions/A/Libraries/libCVMSPluginSupport.dylib
0x00007fff6cb46000 	/System/Library/Frameworks/OpenGL.framework/Versions/A/Libraries/libCoreVMClient.dylib
0x00007fff6e1ae000 	/System/Library/Frameworks/OpenCL.framework/Versions/A/OpenCL
0x00007fff2b499000 	/System/Library/PrivateFrameworks/GraphVisualizer.framework/Versions/A/GraphVisualizer
0x00007fff2b4a8000 	/System/Library/PrivateFrameworks/FaceCore.framework/Versions/A/FaceCore
0x00007fff2b8c4000 	/System/Library/PrivateFrameworks/OTSVG.framework/Versions/A/OTSVG
0x00007fff270d5000 	/System/Library/Frameworks/ApplicationServices.framework/Versions/A/Frameworks/ATS.framework/Versions/A/Resources/libFontRegistry.dylib
0x00007fff2b916000 	/System/Library/PrivateFrameworks/FontServices.framework/libhvf.dylib
0x00007fff2b2d6000 	/System/Library/PrivateFrameworks/AppleVA.framework/Versions/A/AppleVA
0x00007fff2d029000 	/System/Library/Frameworks/ApplicationServices.framework/Versions/A/Frameworks/ATS.framework/Versions/A/ATS
0x00007fff2d33b000 	/System/Library/Frameworks/ApplicationServices.framework/Versions/A/Frameworks/ColorSyncLegacy.framework/Versions/A/ColorSyncLegacy
0x00007fff255f6000 	/System/Library/Frameworks/ApplicationServices.framework/Versions/A/Frameworks/HIServices.framework/Versions/A/HIServices
0x00007fff2d320000 	/System/Library/Frameworks/ApplicationServices.framework/Versions/A/Frameworks/LangAnalysis.framework/Versions/A/LangAnalysis
0x00007fff2bff4000 	/System/Library/Frameworks/ApplicationServices.framework/Versions/A/Frameworks/PrintCore.framework/Versions/A/PrintCore
0x00007fff2d343000 	/System/Library/Frameworks/ApplicationServices.framework/Versions/A/Frameworks/QD.framework/Versions/A/QD
0x00007fff2d019000 	/System/Library/Frameworks/ApplicationServices.framework/Versions/A/Frameworks/SpeechSynthesis.framework/Versions/A/SpeechSynthesis
0x00007fff2bfb5000 	/System/Library/Frameworks/ApplicationServices.framework/Versions/A/Frameworks/ATSUI.framework/Versions/A/ATSUI
0x00007fff2d2c0000 	/usr/lib/libcups.2.dylib
0x00007fff2d330000 	/System/Library/PrivateFrameworks/NetAuth.framework/Versions/A/NetAuth
0x00007fff2d9da000 	/System/Library/Frameworks/Kerberos.framework/Versions/A/Kerberos
0x00007fff2d9ea000 	/System/Library/Frameworks/GSS.framework/Versions/A/GSS
0x00007fff2d095000 	/usr/lib/libresolv.9.dylib
0x00007fff2b92b000 	/System/Library/PrivateFrameworks/Heimdal.framework/Versions/A/Heimdal
0x00007fff3376e000 	/System/Library/Frameworks/Kerberos.framework/Versions/A/Libraries/libHeimdalProxy.dylib
0x00007fff261e5000 	/System/Library/Frameworks/Network.framework/Versions/A/Network
0x00007fff2b344000 	/usr/lib/libheimdal-asn1.dylib
0x00007fff2da3a000 	/System/Library/PrivateFrameworks/CommonAuth.framework/Versions/A/CommonAuth
0x00007fff2752b000 	/System/Library/PrivateFrameworks/login.framework/Versions/A/Frameworks/loginsupport.framework/Versions/A/loginsupport
0x00007fff2cf9e000 	/System/Library/PrivateFrameworks/AudioSession.framework/Versions/A/AudioSession
0x00007fff2d006000 	/usr/lib/libAudioStatistics.dylib
0x00007fff2b3d1000 	/System/Library/PrivateFrameworks/MediaExperience.framework/Versions/A/MediaExperience
0x00007fff2ce3b000 	/System/Library/PrivateFrameworks/AudioSession.framework/libSessionUtility.dylib
0x00007fff2d9cb000 	/usr/lib/libperfcheck.dylib
0x00007fff2d34f000 	/System/Library/PrivateFrameworks/AudioResourceArbitration.framework/Versions/A/AudioResourceArbitration
0x00007fff2b34e000 	/System/Library/PrivateFrameworks/IconFoundation.framework/Versions/A/IconFoundation
0x00007fff2fe78000 	/System/Library/PrivateFrameworks/SpeechRecognitionCore.framework/Versions/A/SpeechRecognitionCore
0x000000010f800000 	/Library/Java/JavaVirtualMachines/adoptopenjdk-15.jdk/Contents/Home/lib/server/libjvm.dylib
0x000000010b1bf000 	/Library/Java/JavaVirtualMachines/adoptopenjdk-15.jdk/Contents/Home/lib/libjimage.dylib
0x000000010b1da000 	/Library/Java/JavaVirtualMachines/adoptopenjdk-15.jdk/Contents/Home/lib/libjdwp.dylib
0x000000010b288000 	/Library/Java/JavaVirtualMachines/adoptopenjdk-15.jdk/Contents/Home/lib/libjava.dylib
0x000000010b2eb000 	/Library/Java/JavaVirtualMachines/adoptopenjdk-15.jdk/Contents/Home/lib/libinstrument.dylib
0x000000010b71a000 	/Library/Java/JavaVirtualMachines/adoptopenjdk-15.jdk/Contents/Home/lib/libdt_socket.dylib
0x000000010b75a000 	/Library/Java/JavaVirtualMachines/adoptopenjdk-15.jdk/Contents/Home/lib/libzip.dylib
0x000000010b780000 	/Library/Java/JavaVirtualMachines/adoptopenjdk-15.jdk/Contents/Home/lib/libnio.dylib
0x000000010b7ae000 	/Library/Java/JavaVirtualMachines/adoptopenjdk-15.jdk/Contents/Home/lib/libnet.dylib
0x00000001370ba000 	/Library/Java/JavaVirtualMachines/adoptopenjdk-15.jdk/Contents/Home/lib/libmanagement.dylib
0x00000001370d2000 	/Library/Java/JavaVirtualMachines/adoptopenjdk-15.jdk/Contents/Home/lib/libmanagement_ext.dylib
0x0000000137254000 	/Library/Java/JavaVirtualMachines/adoptopenjdk-15.jdk/Contents/Home/lib/libextnet.dylib


VM Arguments:
jvm_args: -agentlib:jdwp=transport=dt_socket,address=127.0.0.1:57892,suspend=y,server=n -XX:TieredStopAtLevel=1 -Xverify:none -Dspring.profiles.active=dev -Dspring.output.ansi.enabled=always -javaagent:/Users/cxrsed/Library/Caches/JetBrains/IntelliJIdea2020.3/groovyHotSwap/gragent.jar -javaagent:/Users/cxrsed/Library/Caches/JetBrains/IntelliJIdea2020.3/captureAgent/debugger-agent.jar -Dcom.sun.management.jmxremote -Dspring.jmx.enabled=true -Dspring.liveBeansView.mbeanDomain -Dspring.application.admin.enabled=true -Dfile.encoding=UTF-8 
java_command: de.hhu.propra.nimasichi.praktikumsplaner.PraktikumsplanerApplication
java_class_path (initial): /Users/cxrsed/Desktop/ProPra II/anmeldung-zum-praktikum-nimasichi/praktikumsplaner/build/classes/java/main:/Users/cxrsed/Desktop/ProPra II/anmeldung-zum-praktikum-nimasichi/praktikumsplaner/build/resources/main:/Users/cxrsed/.gradle/caches/modules-2/files-2.1/org.projectlombok/lombok/1.18.18/481f5bfed3ae29f656eedfe9e98c8365b8ba5c57/lombok-1.18.18.jar:/Users/cxrsed/.gradle/caches/modules-2/files-2.1/org.springframework.security.oauth/spring-security-oauth2/2.4.0.RELEASE/ae4aa97c408fed68dc7ccdd6c4251923d07712fc/spring-security-oauth2-2.4.0.RELEASE.jar:/Users/cxrsed/.gradle/caches/modules-2/files-2.1/com.github.spotbugs/spotbugs-annotations/4.1.4/aa25ac7a3dab199133b1b49a8e79b152eeddd3a2/spotbugs-annotations-4.1.4.jar:/Users/cxrsed/.gradle/caches/modules-2/files-2.1/org.springframework.boot/spring-boot-starter-web/2.4.3/4f5554ea183af87e52d8c31bb82aada0d74c40b0/spring-boot-starter-web-2.4.3.jar:/Users/cxrsed/.gradle/caches/modules-2/files-2.1/org.springframework.boot/spring-boot-starter-data-jdbc/2.4.3/e9073200dfe96d197383b5c08ccad593274b068/spring-boot-starter-data-jdbc-2.4.3.jar:/Users/cxrsed/.gradle/caches/modules-2/files-2.1/org.springframework.boot/spring-boot-starter-security/2.4.3/1279b678adb2c991797cec49f83d8f6b8ce14df9/spring-boot-starter-security-2.4.3.jar:/Users/cxrsed/.gradle/caches/modules-2/files-2.1/org.springframework.boot/spring-boot-starter-validation/2.4.3/4fcad7c11f72ab8db3075a48f29b8fc1646d9796/spring-boot-starter-validation-2.4.3.jar:/Users/cxrsed/.gradle/caches/modules-2/files-2.1/org.springframework.boot/spring-boot-starter-oauth2-client/2.4.3/286b81a1cf3457427ece7ec46dffce601c83150a/spring-boot-starter-oauth2-client-2.4.3.jar:/Users/cxrsed/.gradle/caches/modules-2/files-2.1/org.springframework.boot/spring-boot-starter-thymeleaf/2.4.3/64fdb078f965cba7e5ec1f04c9fdeee87a4b788d/spring-boot-starter-thymeleaf-2.4.3.jar:/Users/cxrsed/.gradle/caches/modules-2/files-2.1/io.jsonwebtoken/jjwt-impl/0.10.5/f6d6dc168128f40652ca973b
Launcher Type: SUN_STANDARD

[Global flags]
     intx CICompilerCount                          = 4                                         {product} {ergonomic}
     uint ConcGCThreads                            = 2                                         {product} {ergonomic}
     uint G1ConcRefinementThreads                  = 8                                         {product} {ergonomic}
   size_t G1HeapRegionSize                         = 2097152                                   {product} {ergonomic}
    uintx GCDrainStackTargetSize                   = 64                                        {product} {ergonomic}
   size_t InitialHeapSize                          = 268435456                                 {product} {ergonomic}
     bool ManagementServer                         = true                                      {product} {command line}
   size_t MarkStackSize                            = 4194304                                   {product} {ergonomic}
   size_t MaxHeapSize                              = 4294967296                                {product} {ergonomic}
   size_t MaxNewSize                               = 2575302656                                {product} {ergonomic}
   size_t MinHeapDeltaBytes                        = 2097152                                   {product} {ergonomic}
   size_t MinHeapSize                              = 8388608                                   {product} {ergonomic}
    uintx NonNMethodCodeHeapSize                   = 7549744                                {pd product} {ergonomic}
    uintx NonProfiledCodeHeapSize                  = 244108496                              {pd product} {ergonomic}
    uintx ProfiledCodeHeapSize                     = 0                                      {pd product} {ergonomic}
    uintx ReservedCodeCacheSize                    = 251658240                              {pd product} {ergonomic}
     bool SegmentedCodeCache                       = true                                      {product} {ergonomic}
   size_t SoftMaxHeapSize                          = 4294967296                             {manageable} {ergonomic}
     intx TieredStopAtLevel                        = 1                                         {product} {command line}
     bool UseCompressedClassPointers               = true                                 {lp64_product} {ergonomic}
     bool UseCompressedOops                        = true                                 {lp64_product} {ergonomic}
     bool UseG1GC                                  = true                                      {product} {ergonomic}
     bool UseNUMA                                  = false                                     {product} {ergonomic}
     bool UseNUMAInterleaving                      = false                                     {product} {ergonomic}

Logging:
Log output configuration:
 #0: stdout all=warning uptime,level,tags
 #1: stderr all=off uptime,level,tags

Environment Variables:
PATH=/Users/cxrsed/.pyenv/versions/3.9.1/bin:/usr/local/Cellar/pyenv/1.2.23/libexec:/usr/local/Cellar/pyenv/1.2.23/plugins/python-build/bin:/Users/cxrsed/.opam/default/bin:/Users/cxrsed/.jenv/shims:/Users/cxrsed/.pyenv/shims:/usr/local/opt/fzf/bin:/usr/local/bin:/usr/bin:/bin:/usr/sbin:/sbin:/Users/cxrsed/.cargo/bin:/opt/local/bin:/usr/local/Cellar/gambit-scheme/4.9.3_2/current/bin:/usr/local/Cellar/rabbitmq/3.8.11/sbin:/Users/cxrsed/go/bin:/Users/cxrsed/.nimble/pkgs/inim-0.6.1:/Library/Apple/usr/bin:/usr/local/share/dotnet:~/.dotnet/tools:/Library/Frameworks/Mono.framework/Versions/Current/Commands:/Library/TeX/texbin
SHELL=/usr/local/bin/fish
OSTYPE=darwin20
LC_CTYPE=en_US.UTF-8

Signal Handlers:
SIGSEGV: [libjvm.dylib+0xa88920], sa_mask[0]=11111111111111111111111111111111, sa_flags=SA_ONSTACK|SA_RESTART|SA_SIGINFO
SIGBUS: [libjvm.dylib+0xa88920], sa_mask[0]=11111111111111111111111111111111, sa_flags=SA_RESTART|SA_SIGINFO
SIGFPE: [libjvm.dylib+0xa88920], sa_mask[0]=11111111111111111111111111111111, sa_flags=SA_RESTART|SA_SIGINFO
SIGPIPE: [libjvm.dylib+0x842990], sa_mask[0]=11111111111111111111111111111111, sa_flags=SA_RESTART|SA_SIGINFO
SIGXFSZ: [libjvm.dylib+0x842990], sa_mask[0]=11111111111111111111111111111111, sa_flags=SA_RESTART|SA_SIGINFO
SIGILL: [libjvm.dylib+0xa88920], sa_mask[0]=11111111111111111111111111111111, sa_flags=SA_RESTART|SA_SIGINFO
SIGUSR2: [libjvm.dylib+0x8434b0], sa_mask[0]=00100000000000000000000000000000, sa_flags=SA_RESTART|SA_SIGINFO
SIGHUP: [libjvm.dylib+0x841b90], sa_mask[0]=11111111111111111111111111111111, sa_flags=SA_RESTART|SA_SIGINFO
SIGINT: [libjvm.dylib+0x841b90], sa_mask[0]=11111111111111111111111111111111, sa_flags=SA_RESTART|SA_SIGINFO
SIGTERM: [libjvm.dylib+0x841b90], sa_mask[0]=11111111111111111111111111111111, sa_flags=SA_RESTART|SA_SIGINFO
SIGQUIT: [libjvm.dylib+0x841b90], sa_mask[0]=11111111111111111111111111111111, sa_flags=SA_RESTART|SA_SIGINFO


---------------  S Y S T E M  ---------------

OS:uname: Darwin 20.3.0 Darwin Kernel Version 20.3.0: Thu Jan 21 00:06:51 PST 2021; root:xnu-7195.81.3~1/RELEASE_ARM64_T8101 x86_64
OS uptime: 0 days 2:33 hours
rlimit (soft/hard): STACK 8176k/65520k , CORE 0k/infinity , NPROC 2666/4000 , NOFILE 10240/infinity , AS infinity/infinity , CPU infinity/infinity , DATA infinity/infinity , FSIZE infinity/infinity , MEMLOCK infinity/infinity , RSS infinity/infinity
load average: 2.64 2.95 3.08

CPU: total 8 (initial active 8) (1 cores per cpu, 1 threads per core) family 6 model 44 stepping 0 microcode 0x0, cmov, cx8, fxsr, mmx, sse, sse2, sse3, ssse3, sse4.1, sse4.2, popcnt, aes, clmul, tsc, tscinvbit, tscinv, clflush

Memory: 4k page, physical 16777216k(151496k free), swap 0k(0k free)

vm_info: OpenJDK 64-Bit Server VM (15.0.2+7) for bsd-amd64 JRE (15.0.2+7), built on Jan 21 2021 11:59:27 by "jenkins" with clang 4.2.1 Compatible Apple LLVM 10.0.1 (clang-1001.0.46.4)

END.
